\BOOKMARK [1][-]{section.1}{Introduction}{}% 1
\BOOKMARK [1][-]{section.2}{Background}{}% 2
\BOOKMARK [2][-]{subsection.2.1}{Fake News Detection}{section.2}% 3
\BOOKMARK [2][-]{subsection.2.2}{Open Issues in Fake News Detection}{section.2}% 4
\BOOKMARK [1][-]{section.3}{Related Work}{}% 5
\BOOKMARK [2][-]{subsection.3.1}{Domain-Specific Approaches}{section.3}% 6
\BOOKMARK [2][-]{subsection.3.2}{Media-Specific Approaches}{section.3}% 7
<<<<<<< HEAD
\BOOKMARK [1][-]{section.4}{Methodology}{}% 8
\BOOKMARK [2][-]{subsection.4.1}{Phase 1 - Manual Inspection}{section.4}% 9
\BOOKMARK [3][-]{subsubsection.4.1.1}{Article Search}{subsection.4.1}% 10
\BOOKMARK [3][-]{subsubsection.4.1.2}{Original Source Search}{subsection.4.1}% 11
\BOOKMARK [3][-]{subsubsection.4.1.3}{Propagation path}{subsection.4.1}% 12
\BOOKMARK [1][-]{section.5}{Analysis}{}% 13
\BOOKMARK [1][-]{section.6}{Contributions}{}% 14
\BOOKMARK [1][-]{section.7}{Findings}{}% 15
\BOOKMARK [1][-]{section.8}{Future Work}{}% 16
\BOOKMARK [1][-]{section.9}{Conclusion}{}% 17
=======
\BOOKMARK [1][-]{section.4}{Phase I - Manual Approach}{}% 8
\BOOKMARK [2][-]{subsection.4.1}{Dataset Creation}{section.4}% 9
\BOOKMARK [2][-]{subsection.4.2}{Case Study: Chinese Gold}{section.4}% 10
\BOOKMARK [3][-]{subsubsection.4.2.1}{Propagation Analysis}{subsection.4.2}% 11
\BOOKMARK [3][-]{subsubsection.4.2.2}{Article Feature Analysis}{subsection.4.2}% 12
\BOOKMARK [2][-]{subsection.4.3}{Findings}{section.4}% 13
\BOOKMARK [3][-]{subsubsection.4.3.1}{Different Types of Syndication}{subsection.4.3}% 14
\BOOKMARK [1][-]{section.5}{Phase II - Semiautonomous Approach }{}% 15
\BOOKMARK [2][-]{subsection.5.1}{Dataset Creation}{section.5}% 16
\BOOKMARK [3][-]{subsubsection.5.1.1}{Identification of Viral News Article}{subsection.5.1}% 17
\BOOKMARK [3][-]{subsubsection.5.1.2}{Scraping similar news articles}{subsection.5.1}% 18
\BOOKMARK [3][-]{subsubsection.5.1.3}{Building Dataset}{subsection.5.1}% 19
\BOOKMARK [2][-]{subsection.5.2}{Data Clustering}{section.5}% 20
\BOOKMARK [3][-]{subsubsection.5.2.1}{Similarity Score}{subsection.5.2}% 21
\BOOKMARK [3][-]{subsubsection.5.2.2}{Hierarchical Clustering}{subsection.5.2}% 22
\BOOKMARK [2][-]{subsection.5.3}{Data Analysis}{section.5}% 23
\BOOKMARK [2][-]{subsection.5.4}{Case Study : The Arkansas Story}{section.5}% 24
\BOOKMARK [3][-]{subsubsection.5.4.1}{Overview}{subsection.5.4}% 25
\BOOKMARK [3][-]{subsubsection.5.4.2}{Findings}{subsection.5.4}% 26
\BOOKMARK [1][-]{section.6}{Future Work}{}% 27
\BOOKMARK [1][-]{section.7}{Discussion and Conclusion}{}% 28
\BOOKMARK [1][-]{appendix.A}{Initial Dataset Used for Phase I Analysis}{}% 29
\BOOKMARK [1][-]{appendix.B}{Media Bias Diagram}{}% 30
\BOOKMARK [1][-]{appendix.C}{Chinese Gold Story Dataset}{}% 31
>>>>>>> 57b8af96696143d7366140bbaa540a4470c8fee7
